This is pdfTeX, Version 3.14159265-2.6-1.40.21 (MiKTeX 20.11) (preloaded format=pdflatex 2020.11.17)  18 NOV 2020 18:30
entering extended mode
**./praca_inz.tex
(praca_inz.tex
LaTeX2e <2020-10-01> patch level 2
L3 programming layer <2020-10-27> xparse <2020-03-03>
("C:\Program Files\MiKTeX\tex/latex/base\article.cls"
Document Class: article 2020/04/10 v1.4m Standard LaTeX document class
("C:\Program Files\MiKTeX\tex/latex/base\size10.clo"
File: size10.clo 2020/04/10 v1.4m Standard LaTeX file (size option)
)
\c@part=\count175
\c@section=\count176
\c@subsection=\count177
\c@subsubsection=\count178
\c@paragraph=\count179
\c@subparagraph=\count180
\c@figure=\count181
\c@table=\count182
\abovecaptionskip=\skip47
\belowcaptionskip=\skip48
\bibindent=\dimen138
)
("C:\Program Files\MiKTeX\tex/generic/babel\babel.sty"
Package: babel 2020/10/27 3.51 The Babel package

("C:\Program Files\MiKTeX\tex/generic/babel\babel.def"
File: babel.def 2020/10/27 3.51 Babel common definitions
\babel@savecnt=\count183
\U@D=\dimen139
\l@babelnohyphens=\language79

("C:\Program Files\MiKTeX\tex/generic/babel\txtbabel.def")
\bbl@readstream=\read2
)
\bbl@dirlevel=\count184

*************************************
* Local config file bblopts.cfg used
*
("C:\Program Files\MiKTeX\tex/latex/arabi\bblopts.cfg"
File: bblopts.cfg 2005/09/08 v0.1 add Arabic and Farsi to "declared" options of
 babel
)
("C:\Program Files\MiKTeX\tex/latex/babel-polish\polish.ldf"
Language: polish 2005/03/31 v1.2l Polish support from the babel system
Package babel Info: Making " an active character on input line 83.
\pl@left=\dimen140
\pl@down=\dimen141
\pl@right=\dimen142
\pl@temp=\dimen143
))
("C:\Program Files\MiKTeX\tex/latex/lm\lmodern.sty"
Package: lmodern 2009/10/30 v1.6 Latin Modern Fonts
LaTeX Font Info:    Overwriting symbol font `operators' in version `normal'
(Font)                  OT1/cmr/m/n --> OT1/lmr/m/n on input line 22.
LaTeX Font Info:    Overwriting symbol font `letters' in version `normal'
(Font)                  OML/cmm/m/it --> OML/lmm/m/it on input line 23.
LaTeX Font Info:    Overwriting symbol font `symbols' in version `normal'
(Font)                  OMS/cmsy/m/n --> OMS/lmsy/m/n on input line 24.
LaTeX Font Info:    Overwriting symbol font `largesymbols' in version `normal'
(Font)                  OMX/cmex/m/n --> OMX/lmex/m/n on input line 25.
LaTeX Font Info:    Overwriting symbol font `operators' in version `bold'
(Font)                  OT1/cmr/bx/n --> OT1/lmr/bx/n on input line 26.
LaTeX Font Info:    Overwriting symbol font `letters' in version `bold'
(Font)                  OML/cmm/b/it --> OML/lmm/b/it on input line 27.
LaTeX Font Info:    Overwriting symbol font `symbols' in version `bold'
(Font)                  OMS/cmsy/b/n --> OMS/lmsy/b/n on input line 28.
LaTeX Font Info:    Overwriting symbol font `largesymbols' in version `bold'
(Font)                  OMX/cmex/m/n --> OMX/lmex/m/n on input line 29.
LaTeX Font Info:    Overwriting math alphabet `\mathbf' in version `normal'
(Font)                  OT1/cmr/bx/n --> OT1/lmr/bx/n on input line 31.
LaTeX Font Info:    Overwriting math alphabet `\mathsf' in version `normal'
(Font)                  OT1/cmss/m/n --> OT1/lmss/m/n on input line 32.
LaTeX Font Info:    Overwriting math alphabet `\mathit' in version `normal'
(Font)                  OT1/cmr/m/it --> OT1/lmr/m/it on input line 33.
LaTeX Font Info:    Overwriting math alphabet `\mathtt' in version `normal'
(Font)                  OT1/cmtt/m/n --> OT1/lmtt/m/n on input line 34.
LaTeX Font Info:    Overwriting math alphabet `\mathbf' in version `bold'
(Font)                  OT1/cmr/bx/n --> OT1/lmr/bx/n on input line 35.
LaTeX Font Info:    Overwriting math alphabet `\mathsf' in version `bold'
(Font)                  OT1/cmss/bx/n --> OT1/lmss/bx/n on input line 36.
LaTeX Font Info:    Overwriting math alphabet `\mathit' in version `bold'
(Font)                  OT1/cmr/bx/it --> OT1/lmr/bx/it on input line 37.
LaTeX Font Info:    Overwriting math alphabet `\mathtt' in version `bold'
(Font)                  OT1/cmtt/m/n --> OT1/lmtt/m/n on input line 38.
)
("C:\Program Files\MiKTeX\tex/latex/amsmath\amsmath.sty"
Package: amsmath 2020/09/23 v2.17i AMS math features
\@mathmargin=\skip49

For additional information on amsmath, use the `?' option.
("C:\Program Files\MiKTeX\tex/latex/amsmath\amstext.sty"
Package: amstext 2000/06/29 v2.01 AMS text

("C:\Program Files\MiKTeX\tex/latex/amsmath\amsgen.sty"
File: amsgen.sty 1999/11/30 v2.0 generic functions
\@emptytoks=\toks15
\ex@=\dimen144
))
("C:\Program Files\MiKTeX\tex/latex/amsmath\amsbsy.sty"
Package: amsbsy 1999/11/29 v1.2d Bold Symbols
\pmbraise@=\dimen145
)
("C:\Program Files\MiKTeX\tex/latex/amsmath\amsopn.sty"
Package: amsopn 2016/03/08 v2.02 operator names
)
\inf@bad=\count185
LaTeX Info: Redefining \frac on input line 234.
\uproot@=\count186
\leftroot@=\count187
LaTeX Info: Redefining \overline on input line 399.
\classnum@=\count188
\DOTSCASE@=\count189
LaTeX Info: Redefining \ldots on input line 496.
LaTeX Info: Redefining \dots on input line 499.
LaTeX Info: Redefining \cdots on input line 620.
\Mathstrutbox@=\box47
\strutbox@=\box48
\big@size=\dimen146
LaTeX Font Info:    Redeclaring font encoding OML on input line 743.
LaTeX Font Info:    Redeclaring font encoding OMS on input line 744.
\macc@depth=\count190
\c@MaxMatrixCols=\count191
\dotsspace@=\muskip16
\c@parentequation=\count192
\dspbrk@lvl=\count193
\tag@help=\toks16
\row@=\count194
\column@=\count195
\maxfields@=\count196
\andhelp@=\toks17
\eqnshift@=\dimen147
\alignsep@=\dimen148
\tagshift@=\dimen149
\tagwidth@=\dimen150
\totwidth@=\dimen151
\lineht@=\dimen152
\@envbody=\toks18
\multlinegap=\skip50
\multlinetaggap=\skip51
\mathdisplay@stack=\toks19
LaTeX Info: Redefining \[ on input line 2923.
LaTeX Info: Redefining \] on input line 2924.
)
("C:\Program Files\MiKTeX\tex/latex/amsfonts\amsfonts.sty"
Package: amsfonts 2013/01/14 v3.01 Basic AMSFonts support
\symAMSa=\mathgroup4
\symAMSb=\mathgroup5
LaTeX Font Info:    Redeclaring math symbol \hbar on input line 98.
LaTeX Font Info:    Overwriting math alphabet `\mathfrak' in version `bold'
(Font)                  U/euf/m/n --> U/euf/b/n on input line 106.
)
("C:\Program Files\MiKTeX\tex/latex/graphics\graphicx.sty"
Package: graphicx 2020/09/09 v1.2b Enhanced LaTeX Graphics (DPC,SPQR)

("C:\Program Files\MiKTeX\tex/latex/graphics\keyval.sty"
Package: keyval 2014/10/28 v1.15 key=value parser (DPC)
\KV@toks@=\toks20
)
("C:\Program Files\MiKTeX\tex/latex/graphics\graphics.sty"
Package: graphics 2020/08/30 v1.4c Standard LaTeX Graphics (DPC,SPQR)

("C:\Program Files\MiKTeX\tex/latex/graphics\trig.sty"
Package: trig 2016/01/03 v1.10 sin cos tan (DPC)
)
("C:\Program Files\MiKTeX\tex/latex/graphics-cfg\graphics.cfg"
File: graphics.cfg 2016/06/04 v1.11 sample graphics configuration
)
Package graphics Info: Driver file: pdftex.def on input line 105.

("C:\Program Files\MiKTeX\tex/latex/graphics-def\pdftex.def"
File: pdftex.def 2020/10/05 v1.2a Graphics/color driver for pdftex
))
\Gin@req@height=\dimen153
\Gin@req@width=\dimen154
)
("C:\Program Files\MiKTeX\tex/latex/base\fontenc.sty"
Package: fontenc 2020/08/10 v2.0s Standard LaTeX package
LaTeX Font Info:    Trying to load font information for T1+lmr on input line 11
2.

("C:\Program Files\MiKTeX\tex/latex/lm\t1lmr.fd"
File: t1lmr.fd 2009/10/30 v1.6 Font defs for Latin Modern
))
("C:\Program Files\MiKTeX\tex/latex/polski\polski.sty"
Package: polski 2017/05/04 v1.3.4 Polish language package
)
("C:\Program Files\MiKTeX\tex/latex/base\inputenc.sty"
Package: inputenc 2020/08/01 v1.3d Input encoding file
\inpenc@prehook=\toks21
\inpenc@posthook=\toks22

("C:\Program Files\MiKTeX\tex/latex/base\cp1250.def"
File: cp1250.def 2020/08/01 v1.3d Input encoding file
))
("C:\Program Files\MiKTeX\tex/latex/svg\svg.sty"
Package: svg 2020/10/23 v2.02j (include SVG pictures)

("C:\Program Files\MiKTeX\tex/generic/iftex\iftex.sty"
Package: iftex 2020/03/06 v1.0d TeX engine tests
)
("C:\Program Files\MiKTeX\tex/latex/koma-script\scrbase.sty"
Package: scrbase 2020/09/21 v3.32 KOMA-Script package (KOMA-Script-independent 
basics and keyval usage)

("C:\Program Files\MiKTeX\tex/latex/koma-script\scrlfile.sty"
Package: scrlfile 2020/09/21 v3.32 KOMA-Script package (file load hooks)

("C:\Program Files\MiKTeX\tex/latex/koma-script\scrlfile-hook.sty"
Package: scrlfile-hook 2020/09/21 v3.32 KOMA-Script package (using LaTeX hooks)


LaTeX3 Info: Defining command \BeforeFile with sig. 'm' on line 61.


LaTeX3 Info: Defining command \AfterFile with sig. 'm' on line 65.


LaTeX3 Info: Defining command \BeforeClass with sig. 'm' on line 69.


LaTeX3 Info: Defining command \BeforePackage with sig. 'm' on line 73.


LaTeX3 Info: Defining command \AfterAtEndOfClass with sig. 'smo+m' on line 83.


LaTeX3 Info: Defining command \AfterAtEndOfPackage with sig. 'smo+m' on line
(LaTeX3)     93.


LaTeX3 Info: Defining command \scrlfile@AfterClass with sig. 'smo+m' on line
(LaTeX3)     173.


LaTeX3 Info: Defining command \AfterClass with sig. '' on line 174.


LaTeX3 Info: Defining command \scrlfile@AfterPackage with sig. 'smo+m' on line
(LaTeX3)     191.


LaTeX3 Info: Defining command \AfterPackage with sig. '' on line 192.


LaTeX3 Info: Defining command \ReplaceInput with sig. '' on line 193.


LaTeX3 Info: Defining command \ReplaceClass with sig. 'mm' on line 196.


LaTeX3 Info: Defining command \ReplacePackage with sig. 'mm' on line 199.


LaTeX3 Info: Defining command \UnReplaceInput with sig. '' on line 200.


LaTeX3 Info: Defining command \UnReplaceClass with sig. 'm' on line 203.


LaTeX3 Info: Defining command \UnReplacePackage with sig. 'mm' on line 206.


LaTeX3 Info: Defining command \PreventPackageFromLoading with sig. 's+om' on
(LaTeX3)     line 234.


LaTeX3 Info: Defining command \StorePreventPackageFromLoading with sig. 'm' on
(LaTeX3)     line 242.


LaTeX3 Info: Defining command \ResetPreventPackageFromLoading with sig. '' on
(LaTeX3)     line 247.


LaTeX3 Info: Defining command \UnPreventPackageFromLoading with sig. 'sm' on
(LaTeX3)     line 261.


LaTeX3 Info: Defining command \BeforeClosingMainAux with sig. 'om' on line
(LaTeX3)     274.


LaTeX3 Info: Defining command \AfterReadingMainAux with sig. 'om' on line 287.


LaTeX3 Info: Defining command \protected@immediate@write with sig. 'm+m+m' on
(LaTeX3)     line 298.


("C:\Program Files\MiKTeX\tex/latex/koma-script\scrlogo.sty"
Package: scrlogo 2020/09/21 v3.32 KOMA-Script package (logo)
))))
("C:\Program Files\MiKTeX\tex/generic/pdftexcmds\pdftexcmds.sty"
Package: pdftexcmds 2020-06-27 v0.33 Utility functions of pdfTeX for LuaTeX (HO
)

("C:\Program Files\MiKTeX\tex/generic/infwarerr\infwarerr.sty"
Package: infwarerr 2019/12/03 v1.5 Providing info/warning/error messages (HO)
)
("C:\Program Files\MiKTeX\tex/generic/ltxcmds\ltxcmds.sty"
Package: ltxcmds 2020-05-10 v1.25 LaTeX kernel commands for general use (HO)
)
Package pdftexcmds Info: \pdf@primitive is available.
Package pdftexcmds Info: \pdf@ifprimitive is available.
Package pdftexcmds Info: \pdfdraftmode found.
)
("C:\Program Files\MiKTeX\tex/latex/trimspaces\trimspaces.sty"
Package: trimspaces 2009/09/17 v1.1 Trim spaces around a token list
)
("C:\Program Files\MiKTeX\tex/latex/tools\shellesc.sty"
Package: shellesc 2019/11/08 v1.0c unified shell escape interface for LaTeX
Package shellesc Info: Restricted shell escape enabled on input line 77.
)
\c@svg@param@lastpage=\count197
\svg@box=\box49
\c@svg@param@currpage=\count198
)
("C:\Program Files\MiKTeX\tex/latex/xcolor\xcolor.sty"
Package: xcolor 2016/05/11 v2.12 LaTeX color extensions (UK)

("C:\Program Files\MiKTeX\tex/latex/graphics-cfg\color.cfg"
File: color.cfg 2016/01/02 v1.6 sample color configuration
)
Package xcolor Info: Driver file: pdftex.def on input line 225.
Package xcolor Info: Model `cmy' substituted by `cmy0' on input line 1348.
Package xcolor Info: Model `hsb' substituted by `rgb' on input line 1352.
Package xcolor Info: Model `RGB' extended on input line 1364.
Package xcolor Info: Model `HTML' substituted by `rgb' on input line 1366.
Package xcolor Info: Model `Hsb' substituted by `hsb' on input line 1367.
Package xcolor Info: Model `tHsb' substituted by `hsb' on input line 1368.
Package xcolor Info: Model `HSB' substituted by `hsb' on input line 1369.
Package xcolor Info: Model `Gray' substituted by `gray' on input line 1370.
Package xcolor Info: Model `wave' substituted by `hsb' on input line 1371.
)
("C:\Program Files\MiKTeX\tex/latex/transparent\transparent.sty"
Package: transparent 2019/11/29 v1.4 Transparency via pdfTeX's color stack (HO)


("C:\Program Files\MiKTeX\tex/latex/auxhook\auxhook.sty"
Package: auxhook 2019-12-17 v1.6 Hooks for auxiliary files (HO)
))
("C:\Program Files\MiKTeX\tex/latex/pgf/systemlayer\pgfsys.sty"
("C:\Program Files\MiKTeX\tex/latex/pgf/utilities\pgfrcs.sty"
("C:\Program Files\MiKTeX\tex/generic/pgf/utilities\pgfutil-common.tex"
\pgfutil@everybye=\toks23
\pgfutil@tempdima=\dimen155
\pgfutil@tempdimb=\dimen156

("C:\Program Files\MiKTeX\tex/generic/pgf/utilities\pgfutil-common-lists.tex"))
("C:\Program Files\MiKTeX\tex/generic/pgf/utilities\pgfutil-latex.def"
\pgfutil@abb=\box50
)
("C:\Program Files\MiKTeX\tex/generic/pgf/utilities\pgfrcs.code.tex"
("C:\Program Files\MiKTeX\tex/generic/pgf\pgf.revision.tex")
Package: pgfrcs 2020/10/01 v3.1.6a (3.1.6a)
))
("C:\Program Files\MiKTeX\tex/generic/pgf/systemlayer\pgfsys.code.tex"
Package: pgfsys 2020/10/01 v3.1.6a (3.1.6a)

("C:\Program Files\MiKTeX\tex/generic/pgf/utilities\pgfkeys.code.tex"
\pgfkeys@pathtoks=\toks24
\pgfkeys@temptoks=\toks25

("C:\Program Files\MiKTeX\tex/generic/pgf/utilities\pgfkeysfiltered.code.tex"
\pgfkeys@tmptoks=\toks26
))
\pgf@x=\dimen157
\pgf@y=\dimen158
\pgf@xa=\dimen159
\pgf@ya=\dimen160
\pgf@xb=\dimen161
\pgf@yb=\dimen162
\pgf@xc=\dimen163
\pgf@yc=\dimen164
\pgf@xd=\dimen165
\pgf@yd=\dimen166
\w@pgf@writea=\write3
\r@pgf@reada=\read3
\c@pgf@counta=\count199
\c@pgf@countb=\count266
\c@pgf@countc=\count267
\c@pgf@countd=\count268
\t@pgf@toka=\toks27
\t@pgf@tokb=\toks28
\t@pgf@tokc=\toks29
\pgf@sys@id@count=\count269
("C:\Program Files\MiKTeX\tex/generic/pgf/systemlayer\pgf.cfg"
File: pgf.cfg 2020/10/01 v3.1.6a (3.1.6a)
)
Driver file for pgf: pgfsys-pdftex.def

("C:\Program Files\MiKTeX\tex/generic/pgf/systemlayer\pgfsys-pdftex.def"
File: pgfsys-pdftex.def 2020/10/01 v3.1.6a (3.1.6a)

("C:\Program Files\MiKTeX\tex/generic/pgf/systemlayer\pgfsys-common-pdf.def"
File: pgfsys-common-pdf.def 2020/10/01 v3.1.6a (3.1.6a)
))) ("C:\Program Files\MiKTeX\tex/generic/pgf/systemlayer\pgfsyssoftpath.code.t
ex"
File: pgfsyssoftpath.code.tex 2020/10/01 v3.1.6a (3.1.6a)
\pgfsyssoftpath@smallbuffer@items=\count270
\pgfsyssoftpath@bigbuffer@items=\count271
) ("C:\Program Files\MiKTeX\tex/generic/pgf/systemlayer\pgfsysprotocol.code.tex
"
File: pgfsysprotocol.code.tex 2020/10/01 v3.1.6a (3.1.6a)
)) ("C:\Program Files\MiKTeX\tex/latex/float\float.sty"
Package: float 2001/11/08 v1.3d Float enhancements (AL)
\c@float@type=\count272
\float@exts=\toks30
\float@box=\box51
\@float@everytoks=\toks31
\@floatcapt=\box52
)
("C:\Program Files\MiKTeX\tex/latex/tools\enumerate.sty"
Package: enumerate 2015/07/23 v3.00 enumerate extensions (DPC)
\@enLab=\toks32
)
("C:\Program Files\MiKTeX\tex/latex/tools\indentfirst.sty"
Package: indentfirst 1995/11/23 v1.03 Indent first paragraph (DPC)
)
("C:\Program Files\MiKTeX\tex/latex/url\url.sty"
\Urlmuskip=\muskip17
Package: url 2013/09/16  ver 3.4  Verb mode for urls, etc.
)
("C:\Program Files\MiKTeX\tex/latex/listings\listings.sty"
\lst@mode=\count273
\lst@gtempboxa=\box53
\lst@token=\toks33
\lst@length=\count274
\lst@currlwidth=\dimen167
\lst@column=\count275
\lst@pos=\count276
\lst@lostspace=\dimen168
\lst@width=\dimen169
\lst@newlines=\count277
\lst@lineno=\count278
\lst@maxwidth=\dimen170

("C:\Program Files\MiKTeX\tex/latex/listings\lstmisc.sty"
File: lstmisc.sty 2020/03/24 1.8d (Carsten Heinz)
\c@lstnumber=\count279
\lst@skipnumbers=\count280
\lst@framebox=\box54
)
("C:\Program Files\MiKTeX\tex/latex/listings\listings.cfg"
File: listings.cfg 2020/03/24 1.8d listings configuration
))
Package: listings 2020/03/24 1.8d (Carsten Heinz)

("C:\Program Files\MiKTeX\tex/latex/listings\lstlang1.sty"
File: lstlang1.sty 2020/03/24 1.8d listings language file
)
("C:\Program Files\MiKTeX\tex/latex/listings\lstlang1.sty"
File: lstlang1.sty 2020/03/24 1.8d listings language file
)
("C:\Program Files\MiKTeX\tex/latex/listings\lstmisc.sty"
File: lstmisc.sty 2020/03/24 1.8d (Carsten Heinz)
)
("C:\Program Files\MiKTeX\tex/latex/l3backend\l3backend-pdftex.def"
File: l3backend-pdftex.def 2020-09-24 L3 backend support: PDF output (pdfTeX)
\l__kernel_color_stack_int=\count281
\l__pdf_internal_box=\box55
)
(praca_inz.aux

LaTeX Warning: Label `chapter:OPAMP' multiply defined.

)
\openout1 = `praca_inz.aux'.

LaTeX Font Info:    Checking defaults for OML/cmm/m/it on input line 100.
LaTeX Font Info:    ... okay on input line 100.
LaTeX Font Info:    Checking defaults for OMS/cmsy/m/n on input line 100.
LaTeX Font Info:    ... okay on input line 100.
LaTeX Font Info:    Checking defaults for OT1/cmr/m/n on input line 100.
LaTeX Font Info:    ... okay on input line 100.
LaTeX Font Info:    Checking defaults for T1/cmr/m/n on input line 100.
LaTeX Font Info:    ... okay on input line 100.
LaTeX Font Info:    Checking defaults for TS1/cmr/m/n on input line 100.
LaTeX Font Info:    ... okay on input line 100.
LaTeX Font Info:    Checking defaults for OMX/cmex/m/n on input line 100.
LaTeX Font Info:    ... okay on input line 100.
LaTeX Font Info:    Checking defaults for U/cmr/m/n on input line 100.
LaTeX Font Info:    ... okay on input line 100.
 ("C:\Program Files\MiKTeX\tex/context/base/mkii\supp-pdf.mkii"
[Loading MPS to PDF converter (version 2006.09.02).]
\scratchcounter=\count282
\scratchdimen=\dimen171
\scratchbox=\box56
\nofMPsegments=\count283
\nofMParguments=\count284
\everyMPshowfont=\toks34
\MPscratchCnt=\count285
\MPscratchDim=\dimen172
\MPnumerator=\count286
\makeMPintoPDFobject=\count287
\everyMPtoPDFconversion=\toks35
) ("C:\Program Files\MiKTeX\tex/latex/epstopdf-pkg\epstopdf-base.sty"
Package: epstopdf-base 2020-01-24 v2.11 Base part for package epstopdf
Package epstopdf-base Info: Redefining graphics rule for `.eps' on input line 4
85.
)
\c@lstlisting=\count288
<./fig//logo.png, id=4, 155.83218pt x 155.07938pt>
File: ./fig//logo.png Graphic file (type png)
<use ./fig//logo.png>
Package pdftex.def Info: ./fig//logo.png  used on input line 101.
(pdftex.def)             Requested size: 155.8318pt x 155.07898pt.
LaTeX Font Info:    Trying to load font information for OT1+lmr on input line 1
01.

("C:\Program Files\MiKTeX\tex/latex/lm\ot1lmr.fd"
File: ot1lmr.fd 2009/10/30 v1.6 Font defs for Latin Modern
)
LaTeX Font Info:    Trying to load font information for OML+lmm on input line 1
01.

("C:\Program Files\MiKTeX\tex/latex/lm\omllmm.fd"
File: omllmm.fd 2009/10/30 v1.6 Font defs for Latin Modern
)
LaTeX Font Info:    Trying to load font information for OMS+lmsy on input line 
101.

("C:\Program Files\MiKTeX\tex/latex/lm\omslmsy.fd"
File: omslmsy.fd 2009/10/30 v1.6 Font defs for Latin Modern
)
LaTeX Font Info:    Trying to load font information for OMX+lmex on input line 
101.

("C:\Program Files\MiKTeX\tex/latex/lm\omxlmex.fd"
File: omxlmex.fd 2009/10/30 v1.6 Font defs for Latin Modern
)
LaTeX Font Info:    External font `lmex10' loaded for size
(Font)              <12> on input line 101.
LaTeX Font Info:    External font `lmex10' loaded for size
(Font)              <8> on input line 101.
LaTeX Font Info:    External font `lmex10' loaded for size
(Font)              <6> on input line 101.
LaTeX Font Info:    Trying to load font information for U+msa on input line 101
.

("C:\Program Files\MiKTeX\tex/latex/amsfonts\umsa.fd"
File: umsa.fd 2013/01/14 v3.01 AMS symbols A
)
LaTeX Font Info:    Trying to load font information for U+msb on input line 101
.

("C:\Program Files\MiKTeX\tex/latex/amsfonts\umsb.fd"
File: umsb.fd 2013/01/14 v3.01 AMS symbols B
) [1

{C:/Users/Mateusz/AppData/Local/MiKTeX/pdftex/config/pdftex.map} <./fig//logo.p
ng>] (praca_inz.toc
LaTeX Font Info:    External font `lmex10' loaded for size
(Font)              <10> on input line 4.
LaTeX Font Info:    External font `lmex10' loaded for size
(Font)              <7> on input line 4.
LaTeX Font Info:    External font `lmex10' loaded for size
(Font)              <5> on input line 4.
)
\tf@toc=\write4
\openout4 = `praca_inz.toc'.


[2]
LaTeX Font Info:    Trying to load font information for TS1+lmr on input line 1
16.
 ("C:\Program Files\MiKTeX\tex/latex/lm\ts1lmr.fd"
File: ts1lmr.fd 2009/10/30 v1.6 Font defs for Latin Modern
) [3]
<./fig//przebieg_SEM.png, id=23, 529.22719pt x 191.21437pt>
File: ./fig//przebieg_SEM.png Graphic file (type png)
<use ./fig//przebieg_SEM.png>
Package pdftex.def Info: ./fig//przebieg_SEM.png  used on input line 148.
(pdftex.def)             Requested size: 341.43306pt x 123.36295pt.
<./fig//stojan.png, id=25, 333.49594pt x 249.93375pt>
File: ./fig//stojan.png Graphic file (type png)
<use ./fig//stojan.png>
Package pdftex.def Info: ./fig//stojan.png  used on input line 158.
(pdftex.def)             Requested size: 142.26378pt x 106.61896pt.
<./fig//wirnik.png, id=26, 327.47343pt x 283.81032pt>
File: ./fig//wirnik.png Graphic file (type png)
<use ./fig//wirnik.png>
Package pdftex.def Info: ./fig//wirnik.png  used on input line 165.
(pdftex.def)             Requested size: 142.26378pt x 123.29625pt.
 [4 <./fig//przebieg_SEM.png> <./fig//stojan.png> <./fig//wirnik.png>]
<./fig//sterowanie_BLDC.png, id=33, 475.7775pt x 432.11438pt>
File: ./fig//sterowanie_BLDC.png Graphic file (type png)
<use ./fig//sterowanie_BLDC.png>
Package pdftex.def Info: ./fig//sterowanie_BLDC.png  used on input line 182.
(pdftex.def)             Requested size: 227.62204pt x 206.7334pt.
 [5 <./fig//sterowanie_BLDC.png>]
Underfull \hbox (badness 10000) in paragraph at lines 213--215

 []


Underfull \hbox (badness 10000) in paragraph at lines 221--223

 []


Underfull \hbox (badness 10000) in paragraph at lines 244--246

 []


Underfull \hbox (badness 10000) in paragraph at lines 253--255

 []

<./fig//model_silnik.png, id=38, 459.96844pt x 290.58563pt>
File: ./fig//model_silnik.png Graphic file (type png)
<use ./fig//model_silnik.png>
Package pdftex.def Info: ./fig//model_silnik.png  used on input line 267.
(pdftex.def)             Requested size: 256.0748pt x 161.7824pt.

Underfull \hbox (badness 10000) in paragraph at lines 279--281

 []

[6 <./fig//model_silnik.png>]
Underfull \hbox (badness 10000) in paragraph at lines 282--283

 []


Underfull \hbox (badness 10000) in paragraph at lines 365--367

 []


Underfull \hbox (badness 10000) in paragraph at lines 425--427

 []

[7]
<./fig//diagramFOC.png, id=53, 770.88pt x 322.95656pt>
File: ./fig//diagramFOC.png Graphic file (type png)
<use ./fig//diagramFOC.png>
Package pdftex.def Info: ./fig//diagramFOC.png  used on input line 430.
(pdftex.def)             Requested size: 398.33858pt x 166.87888pt.

Underfull \hbox (badness 10000) in paragraph at lines 435--439

 []

<./fig//clark.png, id=54, 319.1925pt x 313.9228pt>
File: ./fig//clark.png Graphic file (type png)
<use ./fig//clark.png>
Package pdftex.def Info: ./fig//clark.png  used on input line 443.
(pdftex.def)             Requested size: 199.16928pt x 195.88033pt.
[8 <./fig//diagramFOC.png> <./fig//clark.png>]
Underfull \hbox (badness 10000) in paragraph at lines 455--457

 []

<./fig//park.png, id=60, 311.66437pt x 188.20313pt>
File: ./fig//park.png Graphic file (type png)
<use ./fig//park.png>
Package pdftex.def Info: ./fig//park.png  used on input line 463.
(pdftex.def)             Requested size: 227.62204pt x 137.45604pt.

Underfull \hbox (badness 10000) in paragraph at lines 475--477

 []

<./fig//transformacje.png, id=61, 859.71187pt x 296.60812pt>
File: ./fig//transformacje.png Graphic file (type png)
<use ./fig//transformacje.png>
Package pdftex.def Info: ./fig//transformacje.png  used on input line 486.
(pdftex.def)             Requested size: 398.33858pt x 137.43256pt.
[9 <./fig//park.png> <./fig//transformacje.png>]
<./fig//hexagon.png, id=68, 428.35031pt x 366.61969pt>
File: ./fig//hexagon.png Graphic file (type png)
<use ./fig//hexagon.png>
Package pdftex.def Info: ./fig//hexagon.png  used on input line 500.
(pdftex.def)             Requested size: 199.16928pt x 170.4652pt.
<./fig//svpwm_max.png, id=69, 362.85562pt x 269.50688pt>
File: ./fig//svpwm_max.png Graphic file (type png)
<use ./fig//svpwm_max.png>
Package pdftex.def Info: ./fig//svpwm_max.png  used on input line 510.
(pdftex.def)             Requested size: 227.62204pt x 169.06645pt.
<./fig//svpwm.png, id=70, 290.58563pt x 231.86626pt>
File: ./fig//svpwm.png Graphic file (type png)
<use ./fig//svpwm.png>
Package pdftex.def Info: ./fig//svpwm.png  used on input line 520.
(pdftex.def)             Requested size: 199.16928pt x 158.92294pt.
 [10 <./fig//hexagon.png> <./fig//svpwm_max.png>]
<./fig//sektor.png, id=76, 772.38562pt x 346.29375pt>
File: ./fig//sektor.png Graphic file (type png)
<use ./fig//sektor.png>
Package pdftex.def Info: ./fig//sektor.png  used on input line 559.
(pdftex.def)             Requested size: 284.52756pt x 127.56657pt.
<./fig//naped1.png, id=77, 2778.63094pt x 1948.27875pt>
File: ./fig//naped1.png Graphic file (type png)
<use ./fig//naped1.png>
Package pdftex.def Info: ./fig//naped1.png  used on input line 572.
(pdftex.def)             Requested size: 341.43306pt x 239.40201pt.
 [11 <./fig//svpwm.png> <./fig//sektor.png>]
<./fig//schemat_el.pdf, id=84, 879.285pt x 713.7867pt>
File: ./fig//schemat_el.pdf Graphic file (type pdf)
<use ./fig//schemat_el.pdf>
Package pdftex.def Info: ./fig//schemat_el.pdf  used on input line 600.
(pdftex.def)             Requested size: 571.52849pt x 463.95586pt.

Overfull \hbox (116.2844pt too wide) in paragraph at lines 600--602
[][]
 []

[12 <./fig//naped1.png>]
<./fig//silnik_bldc.png, id=89, 438.8897pt x 304.88907pt>
File: ./fig//silnik_bldc.png Graphic file (type png)
<use ./fig//silnik_bldc.png>
Package pdftex.def Info: ./fig//silnik_bldc.png  used on input line 624.
(pdftex.def)             Requested size: 284.52756pt x 197.65915pt.
 [13 <./fig//schemat_el.pdf>]
Overfull \hbox (20.2264pt too wide) in paragraph at lines 652--653
[]\T1/lmr/m/n/10 Zestaw roz-wo-jowy B-G431B-ESC1 firmy STMi-cro-elec-tro-nics o
party na mi-kro-kon-tro-le-rze STM32G431CB
 []

[14 <./fig//silnik_bldc.png>]
<./fig//B-G431.png, id=135, 683.55376pt x 396.7322pt>
File: ./fig//B-G431.png Graphic file (type png)
<use ./fig//B-G431.png>
Package pdftex.def Info: ./fig//B-G431.png  used on input line 678.
(pdftex.def)             Requested size: 398.33858pt x 231.20053pt.
<./fig//nucleo.png, id=136, 441.14813pt x 450.18187pt>
File: ./fig//nucleo.png Graphic file (type png)
<use ./fig//nucleo.png>
Package pdftex.def Info: ./fig//nucleo.png  used on input line 703.
(pdftex.def)             Requested size: 227.62204pt x 232.28244pt.
 [15 <./fig//B-G431.png>]
<./fig//CubeMx_driver.png, id=141, 538.26094pt x 542.025pt>
File: ./fig//CubeMx_driver.png Graphic file (type png)
<use ./fig//CubeMx_driver.png>
Package pdftex.def Info: ./fig//CubeMx_driver.png  used on input line 744.
(pdftex.def)             Requested size: 349.86546pt x 352.31207pt.
 [16 <./fig//nucleo.png>]
<./fig//clock_sterownik.png, id=146, 1031.35312pt x 491.58656pt>
File: ./fig//clock_sterownik.png Graphic file (type png)
<use ./fig//clock_sterownik.png>
Package pdftex.def Info: ./fig//clock_sterownik.png  used on input line 751.
(pdftex.def)             Requested size: 515.6753pt x 245.79268pt.

Overfull \hbox (60.4312pt too wide) in paragraph at lines 751--752
 [][] 
 []

[17 <./fig//CubeMx_driver.png>]
<./fig//CubeMx_Nucleo.png, id=151, 740.7675pt x 682.80093pt>
File: ./fig//CubeMx_Nucleo.png Graphic file (type png)
<use ./fig//CubeMx_Nucleo.png>
Package pdftex.def Info: ./fig//CubeMx_Nucleo.png  used on input line 777.
(pdftex.def)             Requested size: 503.71524pt x 464.2985pt.

Overfull \hbox (48.47115pt too wide) in paragraph at lines 777--778
 [][] 
 []

[18 <./fig//clock_sterownik.png>]
<./fig//clock_nucleo.png, id=155, 1032.85875pt x 362.85562pt>
File: ./fig//clock_nucleo.png Graphic file (type png)
<use ./fig//clock_nucleo.png>
Package pdftex.def Info: ./fig//clock_nucleo.png  used on input line 784.
(pdftex.def)             Requested size: 516.42812pt x 181.42737pt.

Overfull \hbox (61.18402pt too wide) in paragraph at lines 784--785
 [][] 
 []

[19 <./fig//CubeMx_Nucleo.png>]
LaTeX Font Info:    Trying to load font information for T1+lmss on input line 7
94.
 ("C:\Program Files\MiKTeX\tex/latex/lm\t1lmss.fd"
File: t1lmss.fd 2009/10/30 v1.6 Font defs for Latin Modern
)
LaTeX Font Info:    Trying to load font information for TS1+lmss on input line 
795.
 ("C:\Program Files\MiKTeX\tex/latex/lm\ts1lmss.fd"
File: ts1lmss.fd 2009/10/30 v1.6 Font defs for Latin Modern
) [20 <./fig//clock_nucleo.png>] [21] [22] [23] [24]
<./fig//current_sense.png, id=179, 242.40562pt x 185.19188pt>
File: ./fig//current_sense.png Graphic file (type png)
<use ./fig//current_sense.png>
Package pdftex.def Info: ./fig//current_sense.png  used on input line 1216.
(pdftex.def)             Requested size: 227.62204pt x 173.90517pt.
<./fig//opamp.png, id=180, 286.06876pt x 140.77594pt>
File: ./fig//opamp.png Graphic file (type png)
<use ./fig//opamp.png>
Package pdftex.def Info: ./fig//opamp.png  used on input line 1223.
(pdftex.def)             Requested size: 227.62204pt x 112.01512pt.

Underfull \hbox (badness 10000) in paragraph at lines 1235--1237

 []

[25 <./fig//current_sense.png> <./fig//opamp.png>]
Underfull \hbox (badness 10000) in paragraph at lines 1238--1244

 []


Underfull \hbox (badness 10000) in paragraph at lines 1238--1244

 []

<./fig//pid.png, id=187, 451.6875pt x 237.13594pt>
File: ./fig//pid.png Graphic file (type png)
<use ./fig//pid.png>
Package pdftex.def Info: ./fig//pid.png  used on input line 1261.
(pdftex.def)             Requested size: 227.62204pt x 119.50484pt.
<./fig//synchronizacja.png, id=188, 502.12593pt x 472.76625pt>
File: ./fig//synchronizacja.png Graphic file (type png)
<use ./fig//synchronizacja.png>
Package pdftex.def Info: ./fig//synchronizacja.png  used on input line 1270.
(pdftex.def)             Requested size: 341.43306pt x 321.48401pt.
[26 <./fig//pid.png>]
<./fig//simulink.png, id=193, 800.9925pt x 414.79968pt>
File: ./fig//simulink.png Graphic file (type png)
<use ./fig//simulink.png>
Package pdftex.def Info: ./fig//simulink.png  used on input line 1283.
(pdftex.def)             Requested size: 560.69093pt x 290.3578pt.

Overfull \hbox (105.44684pt too wide) in paragraph at lines 1283--1284
 [][] 
 []

[27 <./fig//synchronizacja.png>]
<./fig//komunikacja.png, id=198, 834.86906pt x 170.88844pt>
File: ./fig//komunikacja.png Graphic file (type png)
<use ./fig//komunikacja.png>
Package pdftex.def Info: ./fig//komunikacja.png  used on input line 1295.
(pdftex.def)             Requested size: 459.17941pt x 93.98892pt.

Overfull \hbox (3.93532pt too wide) in paragraph at lines 1295--1296
 [][] 
 []

[28 <./fig//simulink.png> <./fig//komunikacja.png>]
<./fig//interfejs1.png, id=204, 596.98032pt x 468.24937pt>
File: ./fig//interfejs1.png Graphic file (type png)
<use ./fig//interfejs1.png>
Package pdftex.def Info: ./fig//interfejs1.png  used on input line 1310.
(pdftex.def)             Requested size: 388.03261pt x 304.35847pt.
<./fig//interfejs2.png, id=205, 668.4975pt x 574.39594pt>
File: ./fig//interfejs2.png Graphic file (type png)
<use ./fig//interfejs2.png>
Package pdftex.def Info: ./fig//interfejs2.png  used on input line 1318.
(pdftex.def)             Requested size: 367.67476pt x 315.91873pt.
 [29 <./fig//interfejs1.png>]
<./fig//svpwm_wykres.png, id=210, 1102.1175pt x 293.59688pt>
File: ./fig//svpwm_wykres.png Graphic file (type png)
<use ./fig//svpwm_wykres.png>
Package pdftex.def Info: ./fig//svpwm_wykres.png  used on input line 1336.
(pdftex.def)             Requested size: 440.83919pt x 117.43666pt.
 [30 <./fig//interfejs2.png>]
<./fig//nastawy.png, id=215, 575.14874pt x 196.48407pt>
File: ./fig//nastawy.png Graphic file (type png)
<use ./fig//nastawy.png>
Package pdftex.def Info: ./fig//nastawy.png  used on input line 1347.
(pdftex.def)             Requested size: 345.0919pt x 117.89134pt.
<./fig//03Abez.pdf, id=216, 602.25pt x 361.35pt>
File: ./fig//03Abez.pdf Graphic file (type pdf)
<use ./fig//03Abez.pdf>
Package pdftex.def Info: ./fig//03Abez.pdf  used on input line 1360.
(pdftex.def)             Requested size: 361.35278pt x 216.81168pt.
 [31 <./fig//svpwm_wykres.png> <./fig//nastawy.png>]
<./fig//03Az.pdf, id=223, 602.25pt x 361.35pt>
File: ./fig//03Az.pdf Graphic file (type pdf)
<use ./fig//03Az.pdf>
Package pdftex.def Info: ./fig//03Az.pdf  used on input line 1370.
(pdftex.def)             Requested size: 361.35278pt x 216.81168pt.
<./fig//speed03A.png, id=224, 1394.96156pt x 706.89093pt>
File: ./fig//speed03A.png Graphic file (type png)
<use ./fig//speed03A.png>
Package pdftex.def Info: ./fig//speed03A.png  used on input line 1382.
(pdftex.def)             Requested size: 446.39682pt x 226.20972pt.
 [32 <./fig//03Abez.pdf> <./fig//03Az.pdf

pdfTeX warning: pdflatex (file ./fig//03Az.pdf): PDF inclusion: multiple pdfs w
ith page group included in a single page
>]
<./fig//05Abez.pdf, id=235, 602.25pt x 361.35pt>
File: ./fig//05Abez.pdf Graphic file (type pdf)
<use ./fig//05Abez.pdf>
Package pdftex.def Info: ./fig//05Abez.pdf  used on input line 1386.
(pdftex.def)             Requested size: 361.35278pt x 216.81168pt.
<./fig//05Az.pdf, id=236, 602.25pt x 361.35pt>
File: ./fig//05Az.pdf Graphic file (type pdf)
<use ./fig//05Az.pdf>
Package pdftex.def Info: ./fig//05Az.pdf  used on input line 1394.
(pdftex.def)             Requested size: 361.35278pt x 216.81168pt.
 [33 <./fig//speed03A.png> <./fig//05Abez.pdf>]
<./fig//speed05A.png, id=244, 976.39781pt x 682.80093pt>
File: ./fig//speed05A.png Graphic file (type png)
<use ./fig//speed05A.png>
Package pdftex.def Info: ./fig//speed05A.png  used on input line 1406.
(pdftex.def)             Requested size: 439.37495pt x 307.25757pt.
<./fig//1Abez.pdf, id=245, 602.25pt x 361.35pt>
File: ./fig//1Abez.pdf Graphic file (type pdf)
<use ./fig//1Abez.pdf>
Package pdftex.def Info: ./fig//1Abez.pdf  used on input line 1411.
(pdftex.def)             Requested size: 361.35278pt x 216.81168pt.
 [34 <./fig//05Az.pdf> <./fig//speed05A.png>]
<./fig//1Az.pdf, id=254, 602.25pt x 361.35pt>
File: ./fig//1Az.pdf Graphic file (type pdf)
<use ./fig//1Az.pdf>
Package pdftex.def Info: ./fig//1Az.pdf  used on input line 1419.
(pdftex.def)             Requested size: 361.35278pt x 216.81168pt.
<./fig//speed1A.png, id=255, 1207.51125pt x 682.80093pt>
File: ./fig//speed1A.png Graphic file (type png)
<use ./fig//speed1A.png>
Package pdftex.def Info: ./fig//speed1A.png  used on input line 1431.
(pdftex.def)             Requested size: 458.85904pt x 259.46704pt.

Overfull \hbox (3.61494pt too wide) in paragraph at lines 1431--1431
 [][] 
 []

[35 <./fig//1Abez.pdf> <./fig//1Az.pdf

pdfTeX warning: pdflatex (file ./fig//1Az.pdf): PDF inclusion: multiple pdfs wi
th page group included in a single page
>]
<./fig//idiq1Abez.png, id=266, 975.645pt x 685.05937pt>
File: ./fig//idiq1Abez.png Graphic file (type png)
<use ./fig//idiq1Abez.png>
Package pdftex.def Info: ./fig//idiq1Abez.png  used on input line 1435.
(pdftex.def)             Requested size: 439.0362pt x 308.27386pt.
<./fig//idiq1A.png, id=267, 980.91469pt x 682.04813pt>
File: ./fig//idiq1A.png Graphic file (type png)
<use ./fig//idiq1A.png>
Package pdftex.def Info: ./fig//idiq1A.png  used on input line 1443.
(pdftex.def)             Requested size: 441.40753pt x 306.91882pt.
 [36 <./fig//speed1A.png> <./fig//idiq1Abez.png>]
<./fig//alpha_beta.png, id=273, 1163.84813pt x 691.83469pt>
File: ./fig//alpha_beta.png Graphic file (type png)
<use ./fig//alpha_beta.png>
Package pdftex.def Info: ./fig//alpha_beta.png  used on input line 1452.
(pdftex.def)             Requested size: 442.26689pt x 262.8999pt.
<./fig//napiecie_fazowe.pdf, id=274, 602.25pt x 361.35pt>
File: ./fig//napiecie_fazowe.pdf Graphic file (type pdf)
<use ./fig//napiecie_fazowe.pdf>
Package pdftex.def Info: ./fig//napiecie_fazowe.pdf  used on input line 1460.
(pdftex.def)             Requested size: 361.35278pt x 216.81168pt.
 [37 <./fig//idiq1A.png> <./fig//alpha_beta.png>]
<./fig//napiecie_miedzyfazowe.pdf, id=281, 602.25pt x 361.35pt>
File: ./fig//napiecie_miedzyfazowe.pdf Graphic file (type pdf)
<use ./fig//napiecie_miedzyfazowe.pdf>
Package pdftex.def Info: ./fig//napiecie_miedzyfazowe.pdf  used on input line 1
468.
(pdftex.def)             Requested size: 361.35278pt x 216.81168pt.
 [38 <./fig//napiecie_fazowe.pdf> <./fig//napiecie_miedzyfazowe.pdf

pdfTeX warning: pdflatex (file ./fig//napiecie_miedzyfazowe.pdf): PDF inclusion
: multiple pdfs with page group included in a single page
>]
Overfull \hbox (2.4782pt too wide) in paragraph at lines 1492--1495
[]\T1/lmr/m/n/10 Pomiary prze-bie-gów pr¦d-ko-±ci ob-ro-to-wej zo-staªy do-ko-n
ane dla pr¦d-ko-±ci ob-ro-to-wych 3500,1500,500,200
 []

<./fig//speed3500_1A.png, id=292, 971.88094pt x 684.30656pt>
File: ./fig//speed3500_1A.png Graphic file (type png)
<use ./fig//speed3500_1A.png>
Package pdftex.def Info: ./fig//speed3500_1A.png  used on input line 1498.
(pdftex.def)             Requested size: 388.74548pt x 273.71777pt.
<./fig//speed1500_1A.png, id=293, 980.16188pt x 685.05937pt>
File: ./fig//speed1500_1A.png Graphic file (type png)
<use ./fig//speed1500_1A.png>
Package pdftex.def Info: ./fig//speed1500_1A.png  used on input line 1506.
(pdftex.def)             Requested size: 392.05782pt x 274.01889pt.
[39 <./fig//speed3500_1A.png>]
<./fig//speed500_1A.png, id=298, 977.90344pt x 685.8122pt>
File: ./fig//speed500_1A.png Graphic file (type png)
<use ./fig//speed500_1A.png>
Package pdftex.def Info: ./fig//speed500_1A.png  used on input line 1514.
(pdftex.def)             Requested size: 391.15445pt x 274.32002pt.
<./fig//speed200_1A.png, id=299, 959.83594pt x 682.80093pt>
File: ./fig//speed200_1A.png Graphic file (type png)
<use ./fig//speed200_1A.png>
Package pdftex.def Info: ./fig//speed200_1A.png  used on input line 1522.
(pdftex.def)             Requested size: 383.92758pt x 273.11552pt.
 [40 <./fig//speed1500_1A.png> <./fig//speed500_1A.png>]
<./fig//angle2000.png, id=305, 968.86969pt x 684.30656pt>
File: ./fig//angle2000.png Graphic file (type png)
<use ./fig//angle2000.png>
Package pdftex.def Info: ./fig//angle2000.png  used on input line 1539.
(pdftex.def)             Requested size: 387.54102pt x 273.71777pt.
 [41 <./fig//speed200_1A.png>]
<./fig//angle1000.png, id=310, 968.11688pt x 685.8122pt>
File: ./fig//angle1000.png Graphic file (type png)
<use ./fig//angle1000.png>
Package pdftex.def Info: ./fig//angle1000.png  used on input line 1547.
(pdftex.def)             Requested size: 387.23988pt x 274.32002pt.
<./fig//angle200.png, id=311, 967.36406pt x 682.04813pt>
File: ./fig//angle200.png Graphic file (type png)
<use ./fig//angle200.png>
Package pdftex.def Info: ./fig//angle200.png  used on input line 1555.
(pdftex.def)             Requested size: 386.93877pt x 272.8144pt.
 [42 <./fig//angle2000.png> <./fig//angle1000.png>] [43 <./fig//angle200.png>] 
(praca_inz.lof [44])
\tf@lof=\write5
\openout5 = `praca_inz.lof'.

 (praca_inz.bbl
LaTeX Font Info:    Trying to load font information for T1+lmtt on input line 6
.

("C:\Program Files\MiKTeX\tex/latex/lm\t1lmtt.fd"
File: t1lmtt.fd 2009/10/30 v1.6 Font defs for Latin Modern
)) [45]

LaTeX3 Info: Redefining command \BeforeClosingMainAux with sig. 'm' on line
(LaTeX3)     1600.

 (praca_inz.aux)

LaTeX Warning: There were multiply-defined labels.

 ) 
Here is how much of TeX's memory you used:
 8642 strings out of 479799
 136559 string characters out of 2879592
 944638 words of memory out of 3000000
 25358 multiletter control sequences out of 15000+200000
 596998 words of font info for 75 fonts, out of 3000000 for 9000
 1141 hyphenation exceptions out of 8191
 93i,8n,98p,1303b,1804s stack positions out of 5000i,500n,10000p,200000b,50000s
{C:/Program Files/MiKTeX/fonts/enc/dvips/lm/lm-ec.enc}{C:/Program Files/MiKTe
X/fonts/enc/dvips/lm/lm-ts1.enc}{C:/Program Files/MiKTeX/fonts/enc/dvips/lm/lm-
mathit.enc}{C:/Program Files/MiKTeX/fonts/enc/dvips/lm/lm-mathsy.enc}{C:/Progra
m Files/MiKTeX/fonts/enc/dvips/lm/lm-mathex.enc}{C:/Program Files/MiKTeX/fonts/
enc/dvips/lm/lm-rm.enc}<C:/Program Files/MiKTeX/fonts/type1/public/lm/lmbx10.pf
b><C:/Program Files/MiKTeX/fonts/type1/public/lm/lmbx12.pfb><C:/Program Files/M
iKTeX/fonts/type1/public/lm/lmex10.pfb><C:/Program Files/MiKTeX/fonts/type1/pub
lic/lm/lmmi10.pfb><C:/Program Files/MiKTeX/fonts/type1/public/lm/lmmi5.pfb><C:/
Program Files/MiKTeX/fonts/type1/public/lm/lmmi7.pfb><C:/Program Files/MiKTeX/f
onts/type1/public/lm/lmr10.pfb><C:/Program Files/MiKTeX/fonts/type1/public/lm/l
mr12.pfb><C:/Program Files/MiKTeX/fonts/type1/public/lm/lmr17.pfb><C:/Program F
iles/MiKTeX/fonts/type1/public/lm/lmr7.pfb><C:/Program Files/MiKTeX/fonts/type1
/public/lm/lmri10.pfb><C:/Program Files/MiKTeX/fonts/type1/public/lm/lmss8.pfb>
<C:/Program Files/MiKTeX/fonts/type1/public/lm/lmssbx10.pfb><C:/Program Files/M
iKTeX/fonts/type1/public/lm/lmsy10.pfb><C:/Program Files/MiKTeX/fonts/type1/pub
lic/lm/lmsy7.pfb><C:/Program Files/MiKTeX/fonts/type1/public/lm/lmtt10.pfb>
Output written on praca_inz.pdf (45 pages, 22293338 bytes).
PDF statistics:
 391 PDF objects out of 1000 (max. 8388607)
 0 named destinations out of 1000 (max. 500000)
 283 words of extra memory for PDF output out of 10000 (max. 10000000)

